
*** Running vivado
    with args -log fusion_top.vdi -applog -m64 -product Vivado -messageDb vivado.pb -mode batch -source fusion_top.tcl -notrace



****** Vivado v2024.2 (64-bit)
  **** SW Build 5239630 on Fri Nov 08 22:35:27 MST 2024
  **** IP Build 5239520 on Sun Nov 10 16:12:51 MST 2024
  **** SharedData Build 5239561 on Fri Nov 08 14:39:27 MST 2024
  **** Start of session at: Sat Aug 16 22:00:22 2025
    ** Copyright 1986-2022 Xilinx, Inc. All Rights Reserved.
    ** Copyright 2022-2024 Advanced Micro Devices, Inc. All Rights Reserved.

source fusion_top.tcl -notrace
create_project: Time (s): cpu = 00:00:04 ; elapsed = 00:00:05 . Memory (MB): peak = 368.188 ; gain = 66.652
Command: link_design -top fusion_top -part xc7k70tfbv676-1
Design is defaulting to srcset: sources_1
Design is defaulting to constrset: constrs_1
INFO: [Device 21-403] Loading part xc7k70tfbv676-1
Netlist sorting complete. Time (s): cpu = 00:00:00 ; elapsed = 00:00:00.002 . Memory (MB): peak = 561.961 ; gain = 0.000
INFO: [Project 1-479] Netlist was created with Vivado 2024.2
INFO: [Project 1-570] Preparing netlist for logic optimization
Parsing XDC File [C:/Users/thris/EdgeAccelerator/TestingLayout/constraints/zedboard.xdc]
CRITICAL WARNING: [Common 17-69] Command failed: 'E9' is not a valid site or package pin name. [C:/Users/thris/EdgeAccelerator/TestingLayout/constraints/zedboard.xdc:5]
WARNING: [Vivado 12-584] No ports matched 'reset'. [C:/Users/thris/EdgeAccelerator/TestingLayout/constraints/zedboard.xdc:10]
CRITICAL WARNING: [Common 17-55] 'set_property' expects at least one object. [C:/Users/thris/EdgeAccelerator/TestingLayout/constraints/zedboard.xdc:10]
Resolution: If [get_<value>] was used to populate the object, check to make sure this command returns at least one valid object.
WARNING: [Vivado 12-584] No ports matched 'reset'. [C:/Users/thris/EdgeAccelerator/TestingLayout/constraints/zedboard.xdc:11]
CRITICAL WARNING: [Common 17-55] 'set_property' expects at least one object. [C:/Users/thris/EdgeAccelerator/TestingLayout/constraints/zedboard.xdc:11]
Resolution: If [get_<value>] was used to populate the object, check to make sure this command returns at least one valid object.
WARNING: [Vivado 12-584] No ports matched 'imu_data_in[15]'. [C:/Users/thris/EdgeAccelerator/TestingLayout/constraints/zedboard.xdc:18]
CRITICAL WARNING: [Common 17-55] 'set_property' expects at least one object. [C:/Users/thris/EdgeAccelerator/TestingLayout/constraints/zedboard.xdc:18]
Resolution: If [get_<value>] was used to populate the object, check to make sure this command returns at least one valid object.
WARNING: [Vivado 12-584] No ports matched 'imu_data_in[14]'. [C:/Users/thris/EdgeAccelerator/TestingLayout/constraints/zedboard.xdc:19]
CRITICAL WARNING: [Common 17-55] 'set_property' expects at least one object. [C:/Users/thris/EdgeAccelerator/TestingLayout/constraints/zedboard.xdc:19]
Resolution: If [get_<value>] was used to populate the object, check to make sure this command returns at least one valid object.
WARNING: [Vivado 12-584] No ports matched 'imu_data_in[13]'. [C:/Users/thris/EdgeAccelerator/TestingLayout/constraints/zedboard.xdc:20]
CRITICAL WARNING: [Common 17-55] 'set_property' expects at least one object. [C:/Users/thris/EdgeAccelerator/TestingLayout/constraints/zedboard.xdc:20]
Resolution: If [get_<value>] was used to populate the object, check to make sure this command returns at least one valid object.
WARNING: [Vivado 12-584] No ports matched 'imu_data_in[12]'. [C:/Users/thris/EdgeAccelerator/TestingLayout/constraints/zedboard.xdc:21]
CRITICAL WARNING: [Common 17-55] 'set_property' expects at least one object. [C:/Users/thris/EdgeAccelerator/TestingLayout/constraints/zedboard.xdc:21]
Resolution: If [get_<value>] was used to populate the object, check to make sure this command returns at least one valid object.
WARNING: [Vivado 12-584] No ports matched 'imu_data_in[11]'. [C:/Users/thris/EdgeAccelerator/TestingLayout/constraints/zedboard.xdc:22]
CRITICAL WARNING: [Common 17-55] 'set_property' expects at least one object. [C:/Users/thris/EdgeAccelerator/TestingLayout/constraints/zedboard.xdc:22]
Resolution: If [get_<value>] was used to populate the object, check to make sure this command returns at least one valid object.
WARNING: [Vivado 12-584] No ports matched 'imu_data_in[10]'. [C:/Users/thris/EdgeAccelerator/TestingLayout/constraints/zedboard.xdc:23]
CRITICAL WARNING: [Common 17-55] 'set_property' expects at least one object. [C:/Users/thris/EdgeAccelerator/TestingLayout/constraints/zedboard.xdc:23]
Resolution: If [get_<value>] was used to populate the object, check to make sure this command returns at least one valid object.
WARNING: [Vivado 12-584] No ports matched 'imu_data_in[9]'. [C:/Users/thris/EdgeAccelerator/TestingLayout/constraints/zedboard.xdc:24]
CRITICAL WARNING: [Common 17-55] 'set_property' expects at least one object. [C:/Users/thris/EdgeAccelerator/TestingLayout/constraints/zedboard.xdc:24]
Resolution: If [get_<value>] was used to populate the object, check to make sure this command returns at least one valid object.
WARNING: [Vivado 12-584] No ports matched 'imu_data_in[8]'. [C:/Users/thris/EdgeAccelerator/TestingLayout/constraints/zedboard.xdc:25]
CRITICAL WARNING: [Common 17-55] 'set_property' expects at least one object. [C:/Users/thris/EdgeAccelerator/TestingLayout/constraints/zedboard.xdc:25]
Resolution: If [get_<value>] was used to populate the object, check to make sure this command returns at least one valid object.
WARNING: [Vivado 12-584] No ports matched 'imu_data_in[7]'. [C:/Users/thris/EdgeAccelerator/TestingLayout/constraints/zedboard.xdc:26]
CRITICAL WARNING: [Common 17-55] 'set_property' expects at least one object. [C:/Users/thris/EdgeAccelerator/TestingLayout/constraints/zedboard.xdc:26]
Resolution: If [get_<value>] was used to populate the object, check to make sure this command returns at least one valid object.
WARNING: [Vivado 12-584] No ports matched 'imu_data_in[6]'. [C:/Users/thris/EdgeAccelerator/TestingLayout/constraints/zedboard.xdc:27]
CRITICAL WARNING: [Common 17-55] 'set_property' expects at least one object. [C:/Users/thris/EdgeAccelerator/TestingLayout/constraints/zedboard.xdc:27]
Resolution: If [get_<value>] was used to populate the object, check to make sure this command returns at least one valid object.
WARNING: [Vivado 12-584] No ports matched 'imu_data_in[5]'. [C:/Users/thris/EdgeAccelerator/TestingLayout/constraints/zedboard.xdc:28]
CRITICAL WARNING: [Common 17-55] 'set_property' expects at least one object. [C:/Users/thris/EdgeAccelerator/TestingLayout/constraints/zedboard.xdc:28]
Resolution: If [get_<value>] was used to populate the object, check to make sure this command returns at least one valid object.
WARNING: [Vivado 12-584] No ports matched 'imu_data_in[4]'. [C:/Users/thris/EdgeAccelerator/TestingLayout/constraints/zedboard.xdc:29]
CRITICAL WARNING: [Common 17-55] 'set_property' expects at least one object. [C:/Users/thris/EdgeAccelerator/TestingLayout/constraints/zedboard.xdc:29]
Resolution: If [get_<value>] was used to populate the object, check to make sure this command returns at least one valid object.
WARNING: [Vivado 12-584] No ports matched 'imu_data_in[3]'. [C:/Users/thris/EdgeAccelerator/TestingLayout/constraints/zedboard.xdc:30]
CRITICAL WARNING: [Common 17-55] 'set_property' expects at least one object. [C:/Users/thris/EdgeAccelerator/TestingLayout/constraints/zedboard.xdc:30]
Resolution: If [get_<value>] was used to populate the object, check to make sure this command returns at least one valid object.
WARNING: [Vivado 12-584] No ports matched 'imu_data_in[2]'. [C:/Users/thris/EdgeAccelerator/TestingLayout/constraints/zedboard.xdc:31]
CRITICAL WARNING: [Common 17-55] 'set_property' expects at least one object. [C:/Users/thris/EdgeAccelerator/TestingLayout/constraints/zedboard.xdc:31]
Resolution: If [get_<value>] was used to populate the object, check to make sure this command returns at least one valid object.
WARNING: [Vivado 12-584] No ports matched 'imu_data_in[1]'. [C:/Users/thris/EdgeAccelerator/TestingLayout/constraints/zedboard.xdc:32]
CRITICAL WARNING: [Common 17-55] 'set_property' expects at least one object. [C:/Users/thris/EdgeAccelerator/TestingLayout/constraints/zedboard.xdc:32]
Resolution: If [get_<value>] was used to populate the object, check to make sure this command returns at least one valid object.
WARNING: [Vivado 12-584] No ports matched 'imu_data_in[0]'. [C:/Users/thris/EdgeAccelerator/TestingLayout/constraints/zedboard.xdc:33]
CRITICAL WARNING: [Common 17-55] 'set_property' expects at least one object. [C:/Users/thris/EdgeAccelerator/TestingLayout/constraints/zedboard.xdc:33]
Resolution: If [get_<value>] was used to populate the object, check to make sure this command returns at least one valid object.
WARNING: [Vivado 12-584] No ports matched 'imu_data_in[*]'. [C:/Users/thris/EdgeAccelerator/TestingLayout/constraints/zedboard.xdc:34]
CRITICAL WARNING: [Common 17-55] 'set_property' expects at least one object. [C:/Users/thris/EdgeAccelerator/TestingLayout/constraints/zedboard.xdc:34]
Resolution: If [get_<value>] was used to populate the object, check to make sure this command returns at least one valid object.
WARNING: [Vivado 12-584] No ports matched 'lidar_data_in[15]'. [C:/Users/thris/EdgeAccelerator/TestingLayout/constraints/zedboard.xdc:41]
CRITICAL WARNING: [Common 17-55] 'set_property' expects at least one object. [C:/Users/thris/EdgeAccelerator/TestingLayout/constraints/zedboard.xdc:41]
Resolution: If [get_<value>] was used to populate the object, check to make sure this command returns at least one valid object.
WARNING: [Vivado 12-584] No ports matched 'lidar_data_in[14]'. [C:/Users/thris/EdgeAccelerator/TestingLayout/constraints/zedboard.xdc:42]
CRITICAL WARNING: [Common 17-55] 'set_property' expects at least one object. [C:/Users/thris/EdgeAccelerator/TestingLayout/constraints/zedboard.xdc:42]
Resolution: If [get_<value>] was used to populate the object, check to make sure this command returns at least one valid object.
WARNING: [Vivado 12-584] No ports matched 'lidar_data_in[13]'. [C:/Users/thris/EdgeAccelerator/TestingLayout/constraints/zedboard.xdc:43]
CRITICAL WARNING: [Common 17-55] 'set_property' expects at least one object. [C:/Users/thris/EdgeAccelerator/TestingLayout/constraints/zedboard.xdc:43]
Resolution: If [get_<value>] was used to populate the object, check to make sure this command returns at least one valid object.
WARNING: [Vivado 12-584] No ports matched 'lidar_data_in[12]'. [C:/Users/thris/EdgeAccelerator/TestingLayout/constraints/zedboard.xdc:44]
CRITICAL WARNING: [Common 17-55] 'set_property' expects at least one object. [C:/Users/thris/EdgeAccelerator/TestingLayout/constraints/zedboard.xdc:44]
Resolution: If [get_<value>] was used to populate the object, check to make sure this command returns at least one valid object.
WARNING: [Vivado 12-584] No ports matched 'lidar_data_in[11]'. [C:/Users/thris/EdgeAccelerator/TestingLayout/constraints/zedboard.xdc:45]
CRITICAL WARNING: [Common 17-55] 'set_property' expects at least one object. [C:/Users/thris/EdgeAccelerator/TestingLayout/constraints/zedboard.xdc:45]
Resolution: If [get_<value>] was used to populate the object, check to make sure this command returns at least one valid object.
WARNING: [Vivado 12-584] No ports matched 'lidar_data_in[10]'. [C:/Users/thris/EdgeAccelerator/TestingLayout/constraints/zedboard.xdc:46]
CRITICAL WARNING: [Common 17-55] 'set_property' expects at least one object. [C:/Users/thris/EdgeAccelerator/TestingLayout/constraints/zedboard.xdc:46]
Resolution: If [get_<value>] was used to populate the object, check to make sure this command returns at least one valid object.
WARNING: [Vivado 12-584] No ports matched 'lidar_data_in[9]'. [C:/Users/thris/EdgeAccelerator/TestingLayout/constraints/zedboard.xdc:47]
CRITICAL WARNING: [Common 17-55] 'set_property' expects at least one object. [C:/Users/thris/EdgeAccelerator/TestingLayout/constraints/zedboard.xdc:47]
Resolution: If [get_<value>] was used to populate the object, check to make sure this command returns at least one valid object.
WARNING: [Vivado 12-584] No ports matched 'lidar_data_in[8]'. [C:/Users/thris/EdgeAccelerator/TestingLayout/constraints/zedboard.xdc:48]
CRITICAL WARNING: [Common 17-55] 'set_property' expects at least one object. [C:/Users/thris/EdgeAccelerator/TestingLayout/constraints/zedboard.xdc:48]
Resolution: If [get_<value>] was used to populate the object, check to make sure this command returns at least one valid object.
WARNING: [Vivado 12-584] No ports matched 'lidar_data_in[7]'. [C:/Users/thris/EdgeAccelerator/TestingLayout/constraints/zedboard.xdc:49]
CRITICAL WARNING: [Common 17-55] 'set_property' expects at least one object. [C:/Users/thris/EdgeAccelerator/TestingLayout/constraints/zedboard.xdc:49]
Resolution: If [get_<value>] was used to populate the object, check to make sure this command returns at least one valid object.
WARNING: [Vivado 12-584] No ports matched 'lidar_data_in[6]'. [C:/Users/thris/EdgeAccelerator/TestingLayout/constraints/zedboard.xdc:50]
CRITICAL WARNING: [Common 17-55] 'set_property' expects at least one object. [C:/Users/thris/EdgeAccelerator/TestingLayout/constraints/zedboard.xdc:50]
Resolution: If [get_<value>] was used to populate the object, check to make sure this command returns at least one valid object.
WARNING: [Vivado 12-584] No ports matched 'lidar_data_in[5]'. [C:/Users/thris/EdgeAccelerator/TestingLayout/constraints/zedboard.xdc:51]
CRITICAL WARNING: [Common 17-55] 'set_property' expects at least one object. [C:/Users/thris/EdgeAccelerator/TestingLayout/constraints/zedboard.xdc:51]
Resolution: If [get_<value>] was used to populate the object, check to make sure this command returns at least one valid object.
WARNING: [Vivado 12-584] No ports matched 'lidar_data_in[4]'. [C:/Users/thris/EdgeAccelerator/TestingLayout/constraints/zedboard.xdc:52]
CRITICAL WARNING: [Common 17-55] 'set_property' expects at least one object. [C:/Users/thris/EdgeAccelerator/TestingLayout/constraints/zedboard.xdc:52]
Resolution: If [get_<value>] was used to populate the object, check to make sure this command returns at least one valid object.
WARNING: [Vivado 12-584] No ports matched 'lidar_data_in[3]'. [C:/Users/thris/EdgeAccelerator/TestingLayout/constraints/zedboard.xdc:53]
CRITICAL WARNING: [Common 17-55] 'set_property' expects at least one object. [C:/Users/thris/EdgeAccelerator/TestingLayout/constraints/zedboard.xdc:53]
Resolution: If [get_<value>] was used to populate the object, check to make sure this command returns at least one valid object.
WARNING: [Vivado 12-584] No ports matched 'lidar_data_in[2]'. [C:/Users/thris/EdgeAccelerator/TestingLayout/constraints/zedboard.xdc:54]
CRITICAL WARNING: [Common 17-55] 'set_property' expects at least one object. [C:/Users/thris/EdgeAccelerator/TestingLayout/constraints/zedboard.xdc:54]
Resolution: If [get_<value>] was used to populate the object, check to make sure this command returns at least one valid object.
WARNING: [Vivado 12-584] No ports matched 'lidar_data_in[1]'. [C:/Users/thris/EdgeAccelerator/TestingLayout/constraints/zedboard.xdc:55]
CRITICAL WARNING: [Common 17-55] 'set_property' expects at least one object. [C:/Users/thris/EdgeAccelerator/TestingLayout/constraints/zedboard.xdc:55]
Resolution: If [get_<value>] was used to populate the object, check to make sure this command returns at least one valid object.
WARNING: [Vivado 12-584] No ports matched 'lidar_data_in[0]'. [C:/Users/thris/EdgeAccelerator/TestingLayout/constraints/zedboard.xdc:56]
CRITICAL WARNING: [Common 17-55] 'set_property' expects at least one object. [C:/Users/thris/EdgeAccelerator/TestingLayout/constraints/zedboard.xdc:56]
Resolution: If [get_<value>] was used to populate the object, check to make sure this command returns at least one valid object.
WARNING: [Vivado 12-584] No ports matched 'lidar_data_in[*]'. [C:/Users/thris/EdgeAccelerator/TestingLayout/constraints/zedboard.xdc:57]
CRITICAL WARNING: [Common 17-55] 'set_property' expects at least one object. [C:/Users/thris/EdgeAccelerator/TestingLayout/constraints/zedboard.xdc:57]
Resolution: If [get_<value>] was used to populate the object, check to make sure this command returns at least one valid object.
WARNING: [Vivado 12-584] No ports matched 'fused_pos[15]'. [C:/Users/thris/EdgeAccelerator/TestingLayout/constraints/zedboard.xdc:60]
CRITICAL WARNING: [Common 17-55] 'set_property' expects at least one object. [C:/Users/thris/EdgeAccelerator/TestingLayout/constraints/zedboard.xdc:60]
Resolution: If [get_<value>] was used to populate the object, check to make sure this command returns at least one valid object.
WARNING: [Vivado 12-584] No ports matched 'fused_pos[14]'. [C:/Users/thris/EdgeAccelerator/TestingLayout/constraints/zedboard.xdc:61]
CRITICAL WARNING: [Common 17-55] 'set_property' expects at least one object. [C:/Users/thris/EdgeAccelerator/TestingLayout/constraints/zedboard.xdc:61]
Resolution: If [get_<value>] was used to populate the object, check to make sure this command returns at least one valid object.
WARNING: [Vivado 12-584] No ports matched 'fused_pos[13]'. [C:/Users/thris/EdgeAccelerator/TestingLayout/constraints/zedboard.xdc:62]
CRITICAL WARNING: [Common 17-55] 'set_property' expects at least one object. [C:/Users/thris/EdgeAccelerator/TestingLayout/constraints/zedboard.xdc:62]
Resolution: If [get_<value>] was used to populate the object, check to make sure this command returns at least one valid object.
WARNING: [Vivado 12-584] No ports matched 'fused_pos[12]'. [C:/Users/thris/EdgeAccelerator/TestingLayout/constraints/zedboard.xdc:63]
CRITICAL WARNING: [Common 17-55] 'set_property' expects at least one object. [C:/Users/thris/EdgeAccelerator/TestingLayout/constraints/zedboard.xdc:63]
Resolution: If [get_<value>] was used to populate the object, check to make sure this command returns at least one valid object.
WARNING: [Vivado 12-584] No ports matched 'fused_pos[11]'. [C:/Users/thris/EdgeAccelerator/TestingLayout/constraints/zedboard.xdc:64]
CRITICAL WARNING: [Common 17-55] 'set_property' expects at least one object. [C:/Users/thris/EdgeAccelerator/TestingLayout/constraints/zedboard.xdc:64]
Resolution: If [get_<value>] was used to populate the object, check to make sure this command returns at least one valid object.
WARNING: [Vivado 12-584] No ports matched 'fused_pos[10]'. [C:/Users/thris/EdgeAccelerator/TestingLayout/constraints/zedboard.xdc:65]
CRITICAL WARNING: [Common 17-55] 'set_property' expects at least one object. [C:/Users/thris/EdgeAccelerator/TestingLayout/constraints/zedboard.xdc:65]
Resolution: If [get_<value>] was used to populate the object, check to make sure this command returns at least one valid object.
WARNING: [Vivado 12-584] No ports matched 'fused_pos[9]'. [C:/Users/thris/EdgeAccelerator/TestingLayout/constraints/zedboard.xdc:66]
CRITICAL WARNING: [Common 17-55] 'set_property' expects at least one object. [C:/Users/thris/EdgeAccelerator/TestingLayout/constraints/zedboard.xdc:66]
Resolution: If [get_<value>] was used to populate the object, check to make sure this command returns at least one valid object.
WARNING: [Vivado 12-584] No ports matched 'fused_pos[8]'. [C:/Users/thris/EdgeAccelerator/TestingLayout/constraints/zedboard.xdc:67]
CRITICAL WARNING: [Common 17-55] 'set_property' expects at least one object. [C:/Users/thris/EdgeAccelerator/TestingLayout/constraints/zedboard.xdc:67]
Resolution: If [get_<value>] was used to populate the object, check to make sure this command returns at least one valid object.
WARNING: [Vivado 12-584] No ports matched 'fused_pos[7]'. [C:/Users/thris/EdgeAccelerator/TestingLayout/constraints/zedboard.xdc:68]
CRITICAL WARNING: [Common 17-55] 'set_property' expects at least one object. [C:/Users/thris/EdgeAccelerator/TestingLayout/constraints/zedboard.xdc:68]
Resolution: If [get_<value>] was used to populate the object, check to make sure this command returns at least one valid object.
WARNING: [Vivado 12-584] No ports matched 'fused_pos[6]'. [C:/Users/thris/EdgeAccelerator/TestingLayout/constraints/zedboard.xdc:69]
CRITICAL WARNING: [Common 17-55] 'set_property' expects at least one object. [C:/Users/thris/EdgeAccelerator/TestingLayout/constraints/zedboard.xdc:69]
Resolution: If [get_<value>] was used to populate the object, check to make sure this command returns at least one valid object.
WARNING: [Vivado 12-584] No ports matched 'fused_pos[5]'. [C:/Users/thris/EdgeAccelerator/TestingLayout/constraints/zedboard.xdc:70]
CRITICAL WARNING: [Common 17-55] 'set_property' expects at least one object. [C:/Users/thris/EdgeAccelerator/TestingLayout/constraints/zedboard.xdc:70]
Resolution: If [get_<value>] was used to populate the object, check to make sure this command returns at least one valid object.
WARNING: [Vivado 12-584] No ports matched 'fused_pos[4]'. [C:/Users/thris/EdgeAccelerator/TestingLayout/constraints/zedboard.xdc:71]
CRITICAL WARNING: [Common 17-55] 'set_property' expects at least one object. [C:/Users/thris/EdgeAccelerator/TestingLayout/constraints/zedboard.xdc:71]
Resolution: If [get_<value>] was used to populate the object, check to make sure this command returns at least one valid object.
WARNING: [Vivado 12-584] No ports matched 'fused_pos[3]'. [C:/Users/thris/EdgeAccelerator/TestingLayout/constraints/zedboard.xdc:72]
CRITICAL WARNING: [Common 17-55] 'set_property' expects at least one object. [C:/Users/thris/EdgeAccelerator/TestingLayout/constraints/zedboard.xdc:72]
Resolution: If [get_<value>] was used to populate the object, check to make sure this command returns at least one valid object.
WARNING: [Vivado 12-584] No ports matched 'fused_pos[2]'. [C:/Users/thris/EdgeAccelerator/TestingLayout/constraints/zedboard.xdc:73]
CRITICAL WARNING: [Common 17-55] 'set_property' expects at least one object. [C:/Users/thris/EdgeAccelerator/TestingLayout/constraints/zedboard.xdc:73]
Resolution: If [get_<value>] was used to populate the object, check to make sure this command returns at least one valid object.
WARNING: [Vivado 12-584] No ports matched 'fused_pos[1]'. [C:/Users/thris/EdgeAccelerator/TestingLayout/constraints/zedboard.xdc:74]
CRITICAL WARNING: [Common 17-55] 'set_property' expects at least one object. [C:/Users/thris/EdgeAccelerator/TestingLayout/constraints/zedboard.xdc:74]
Resolution: If [get_<value>] was used to populate the object, check to make sure this command returns at least one valid object.
WARNING: [Vivado 12-584] No ports matched 'fused_pos[0]'. [C:/Users/thris/EdgeAccelerator/TestingLayout/constraints/zedboard.xdc:75]
CRITICAL WARNING: [Common 17-55] 'set_property' expects at least one object. [C:/Users/thris/EdgeAccelerator/TestingLayout/constraints/zedboard.xdc:75]
Resolution: If [get_<value>] was used to populate the object, check to make sure this command returns at least one valid object.
WARNING: [Vivado 12-584] No ports matched 'fused_pos[*]'. [C:/Users/thris/EdgeAccelerator/TestingLayout/constraints/zedboard.xdc:76]
CRITICAL WARNING: [Common 17-55] 'set_property' expects at least one object. [C:/Users/thris/EdgeAccelerator/TestingLayout/constraints/zedboard.xdc:76]
Resolution: If [get_<value>] was used to populate the object, check to make sure this command returns at least one valid object.
Finished Parsing XDC File [C:/Users/thris/EdgeAccelerator/TestingLayout/constraints/zedboard.xdc]
INFO: [Opt 31-138] Pushed 0 inverter(s) to 0 load pin(s).
Netlist sorting complete. Time (s): cpu = 00:00:00 ; elapsed = 00:00:00 . Memory (MB): peak = 695.816 ; gain = 0.000
INFO: [Project 1-111] Unisim Transformation Summary:
No Unisim elements were transformed.

5 Infos, 53 Warnings, 54 Critical Warnings and 0 Errors encountered.
link_design completed successfully
link_design: Time (s): cpu = 00:00:11 ; elapsed = 00:00:16 . Memory (MB): peak = 699.828 ; gain = 331.641
Command: opt_design
Attempting to get a license for feature 'Implementation' and/or device 'xc7k70t'
INFO: [Common 17-349] Got license for feature 'Implementation' and/or device 'xc7k70t'
Running DRC as a precondition to command opt_design

Starting DRC Task
INFO: [DRC 23-27] Running DRC with 2 threads
INFO: [Project 1-461] DRC finished with 0 Errors
INFO: [Project 1-462] Please refer to the DRC report (report_drc) for more information.

Time (s): cpu = 00:00:03 ; elapsed = 00:00:03 . Memory (MB): peak = 729.051 ; gain = 29.223

Starting Cache Timing Information Task
INFO: [Timing 38-35] Done setting XDC timing constraints.
Ending Cache Timing Information Task | Checksum: 1e52039fd

Time (s): cpu = 00:00:18 ; elapsed = 00:00:22 . Memory (MB): peak = 1278.285 ; gain = 549.234

Starting Logic Optimization Task

Phase 1 Initialization

Phase 1.1 Core Generation And Design Setup
Phase 1.1 Core Generation And Design Setup | Checksum: 1e52039fd

Time (s): cpu = 00:00:00 ; elapsed = 00:00:00.002 . Memory (MB): peak = 1679.789 ; gain = 0.000

Phase 1.2 Setup Constraints And Sort Netlist
Phase 1.2 Setup Constraints And Sort Netlist | Checksum: 1e52039fd

Time (s): cpu = 00:00:00 ; elapsed = 00:00:00.005 . Memory (MB): peak = 1679.789 ; gain = 0.000
Phase 1 Initialization | Checksum: 1e52039fd

Time (s): cpu = 00:00:00 ; elapsed = 00:00:00.005 . Memory (MB): peak = 1679.789 ; gain = 0.000

Phase 2 Timer Update And Timing Data Collection

Phase 2.1 Timer Update
Phase 2.1 Timer Update | Checksum: 1e52039fd

Time (s): cpu = 00:00:00 ; elapsed = 00:00:00.014 . Memory (MB): peak = 1679.789 ; gain = 0.000

Phase 2.2 Timing Data Collection
Phase 2.2 Timing Data Collection | Checksum: 1e52039fd

Time (s): cpu = 00:00:00 ; elapsed = 00:00:00.027 . Memory (MB): peak = 1679.789 ; gain = 0.000
Phase 2 Timer Update And Timing Data Collection | Checksum: 1e52039fd

Time (s): cpu = 00:00:00 ; elapsed = 00:00:00.028 . Memory (MB): peak = 1679.789 ; gain = 0.000

Phase 3 Retarget
INFO: [Opt 31-1851] Number of loadless carry chains removed were: 0
INFO: [Opt 31-1834] Total Chains To Be Transformed Were: 0 AND Number of Transformed insts Created are: 0
INFO: [Opt 31-138] Pushed 0 inverter(s) to 0 load pin(s).
INFO: [Opt 31-49] Retargeted 0 cell(s).
Phase 3 Retarget | Checksum: 1e52039fd

Time (s): cpu = 00:00:00 ; elapsed = 00:00:00.040 . Memory (MB): peak = 1679.789 ; gain = 0.000
Retarget | Checksum: 1e52039fd
INFO: [Opt 31-389] Phase Retarget created 0 cells and removed 0 cells

Phase 4 Constant propagation
INFO: [Opt 31-138] Pushed 0 inverter(s) to 0 load pin(s).
Phase 4 Constant propagation | Checksum: 1e52039fd

Time (s): cpu = 00:00:00 ; elapsed = 00:00:00.043 . Memory (MB): peak = 1679.789 ; gain = 0.000
Constant propagation | Checksum: 1e52039fd
INFO: [Opt 31-389] Phase Constant propagation created 0 cells and removed 0 cells

Phase 5 Sweep
INFO: [Constraints 18-11670] Building netlist checker database with flags, 0x8
Done building netlist checker database: Time (s): cpu = 00:00:00 ; elapsed = 00:00:00 . Memory (MB): peak = 1679.789 ; gain = 0.000
Phase 5 Sweep | Checksum: 200e6a4bd

Time (s): cpu = 00:00:01 ; elapsed = 00:00:00.059 . Memory (MB): peak = 1679.789 ; gain = 0.000
Sweep | Checksum: 200e6a4bd
INFO: [Opt 31-389] Phase Sweep created 22 cells and removed 0 cells

Phase 6 BUFG optimization
Phase 6 BUFG optimization | Checksum: 200e6a4bd

Time (s): cpu = 00:00:01 ; elapsed = 00:00:00.142 . Memory (MB): peak = 1679.789 ; gain = 0.000
BUFG optimization | Checksum: 200e6a4bd
INFO: [Opt 31-662] Phase BUFG optimization created 0 cells of which 0 are BUFGs and removed 0 cells.

Phase 7 Shift Register Optimization
INFO: [Opt 31-1064] SRL Remap converted 0 SRLs to 0 registers and converted 0 registers of register chains to 0 SRLs
Phase 7 Shift Register Optimization | Checksum: 200e6a4bd

Time (s): cpu = 00:00:01 ; elapsed = 00:00:00.144 . Memory (MB): peak = 1679.789 ; gain = 0.000
Shift Register Optimization | Checksum: 200e6a4bd
INFO: [Opt 31-389] Phase Shift Register Optimization created 0 cells and removed 0 cells

Phase 8 Post Processing Netlist
Phase 8 Post Processing Netlist | Checksum: 200e6a4bd

Time (s): cpu = 00:00:01 ; elapsed = 00:00:00.147 . Memory (MB): peak = 1679.789 ; gain = 0.000
Post Processing Netlist | Checksum: 200e6a4bd
INFO: [Opt 31-389] Phase Post Processing Netlist created 0 cells and removed 0 cells

Phase 9 Finalization

Phase 9.1 Finalizing Design Cores and Updating Shapes
Phase 9.1 Finalizing Design Cores and Updating Shapes | Checksum: 26dc3cea2

Time (s): cpu = 00:00:01 ; elapsed = 00:00:00.158 . Memory (MB): peak = 1679.789 ; gain = 0.000

Phase 9.2 Verifying Netlist Connectivity

Starting Connectivity Check Task

Time (s): cpu = 00:00:00 ; elapsed = 00:00:00.027 . Memory (MB): peak = 1679.789 ; gain = 0.000
Phase 9.2 Verifying Netlist Connectivity | Checksum: 26dc3cea2

Time (s): cpu = 00:00:01 ; elapsed = 00:00:00.185 . Memory (MB): peak = 1679.789 ; gain = 0.000
Phase 9 Finalization | Checksum: 26dc3cea2

Time (s): cpu = 00:00:01 ; elapsed = 00:00:00.188 . Memory (MB): peak = 1679.789 ; gain = 0.000
Opt_design Change Summary
=========================


-------------------------------------------------------------------------------------------------------------------------
|  Phase                        |  #Cells created  |  #Cells Removed  |  #Constrained objects preventing optimizations  |
-------------------------------------------------------------------------------------------------------------------------
|  Retarget                     |               0  |               0  |                                              0  |
|  Constant propagation         |               0  |               0  |                                              0  |
|  Sweep                        |              22  |               0  |                                              0  |
|  BUFG optimization            |               0  |               0  |                                              0  |
|  Shift Register Optimization  |               0  |               0  |                                              0  |
|  Post Processing Netlist      |               0  |               0  |                                              0  |
-------------------------------------------------------------------------------------------------------------------------


Ending Logic Optimization Task | Checksum: 26dc3cea2

Time (s): cpu = 00:00:01 ; elapsed = 00:00:00.191 . Memory (MB): peak = 1679.789 ; gain = 0.000

Starting Power Optimization Task
INFO: [Pwropt 34-132] Skipping clock gating for clocks with a period < 2.00 ns.
Ending Power Optimization Task | Checksum: 26dc3cea2

Time (s): cpu = 00:00:00 ; elapsed = 00:00:00.040 . Memory (MB): peak = 1679.789 ; gain = 0.000

Starting Final Cleanup Task
Ending Final Cleanup Task | Checksum: 26dc3cea2

Time (s): cpu = 00:00:00 ; elapsed = 00:00:00.001 . Memory (MB): peak = 1679.789 ; gain = 0.000

Starting Netlist Obfuscation Task
Netlist sorting complete. Time (s): cpu = 00:00:00 ; elapsed = 00:00:00.001 . Memory (MB): peak = 1679.789 ; gain = 0.000
Ending Netlist Obfuscation Task | Checksum: 26dc3cea2

Time (s): cpu = 00:00:00 ; elapsed = 00:00:00.001 . Memory (MB): peak = 1679.789 ; gain = 0.000
INFO: [Common 17-83] Releasing license: Implementation
25 Infos, 53 Warnings, 54 Critical Warnings and 0 Errors encountered.
opt_design completed successfully
opt_design: Time (s): cpu = 00:00:30 ; elapsed = 00:00:35 . Memory (MB): peak = 1679.789 ; gain = 979.961
INFO: [Vivado 12-24828] Executing command : report_drc -file fusion_top_drc_opted.rpt -pb fusion_top_drc_opted.pb -rpx fusion_top_drc_opted.rpx
Command: report_drc -file fusion_top_drc_opted.rpt -pb fusion_top_drc_opted.pb -rpx fusion_top_drc_opted.rpx
INFO: [IP_Flow 19-234] Refreshing IP repositories
INFO: [IP_Flow 19-1704] No user IP repositories specified
INFO: [IP_Flow 19-2313] Loaded Vivado IP repository 'C:/Xilinx/Vivado/2024.2/data/ip'.
INFO: [DRC 23-27] Running DRC with 2 threads
INFO: [Vivado_Tcl 2-168] The results of DRC are in file C:/Users/thris/EdgeAccelerator/TestingLayout/fusion_top.runs/impl_1/fusion_top_drc_opted.rpt.
report_drc completed successfully
INFO: [Timing 38-480] Writing timing data to binary archive.
Write ShapeDB Complete: Time (s): cpu = 00:00:00 ; elapsed = 00:00:00.005 . Memory (MB): peak = 1679.789 ; gain = 0.000
INFO: [Common 17-1381] The checkpoint 'C:/Users/thris/EdgeAccelerator/TestingLayout/fusion_top.runs/impl_1/fusion_top_opt.dcp' has been generated.
Command: place_design
Attempting to get a license for feature 'Implementation' and/or device 'xc7k70t'
INFO: [Common 17-349] Got license for feature 'Implementation' and/or device 'xc7k70t'
INFO: [Common 17-83] Releasing license: Implementation
INFO: [DRC 23-27] Running DRC with 2 threads
INFO: [Vivado_Tcl 4-198] DRC finished with 0 Errors
INFO: [Vivado_Tcl 4-199] Please refer to the DRC report (report_drc) for more information.
Running DRC as a precondition to command place_design
INFO: [DRC 23-27] Running DRC with 2 threads
INFO: [Vivado_Tcl 4-198] DRC finished with 0 Errors
INFO: [Vivado_Tcl 4-199] Please refer to the DRC report (report_drc) for more information.
INFO: [Place 30-611] Multithreading enabled for place_design using a maximum of 2 CPUs

Starting Placer Task

Phase 1 Placer Initialization

Phase 1.1 Placer Initialization Netlist Sorting
Netlist sorting complete. Time (s): cpu = 00:00:00 ; elapsed = 00:00:00 . Memory (MB): peak = 1679.789 ; gain = 0.000
Phase 1.1 Placer Initialization Netlist Sorting | Checksum: 1811ce5ea

Time (s): cpu = 00:00:00 ; elapsed = 00:00:00.002 . Memory (MB): peak = 1679.789 ; gain = 0.000
Netlist sorting complete. Time (s): cpu = 00:00:00 ; elapsed = 00:00:00 . Memory (MB): peak = 1679.789 ; gain = 0.000

Phase 1.2 IO Placement/ Clock Placement/ Build Placer Device
INFO: [Timing 38-35] Done setting XDC timing constraints.
Phase 1.2 IO Placement/ Clock Placement/ Build Placer Device | Checksum: 1b74327d8

Time (s): cpu = 00:00:02 ; elapsed = 00:00:01 . Memory (MB): peak = 1679.789 ; gain = 0.000

Phase 1.3 Build Placer Netlist Model
Phase 1.3 Build Placer Netlist Model | Checksum: 1bcaeef9e

Time (s): cpu = 00:00:02 ; elapsed = 00:00:02 . Memory (MB): peak = 1679.789 ; gain = 0.000

Phase 1.4 Constrain Clocks/Macros
Phase 1.4 Constrain Clocks/Macros | Checksum: 1bcaeef9e

Time (s): cpu = 00:00:02 ; elapsed = 00:00:02 . Memory (MB): peak = 1679.789 ; gain = 0.000
Phase 1 Placer Initialization | Checksum: 1bcaeef9e

Time (s): cpu = 00:00:02 ; elapsed = 00:00:02 . Memory (MB): peak = 1679.789 ; gain = 0.000

Phase 2 Global Placement

Phase 2.1 Floorplanning
Phase 2.1 Floorplanning | Checksum: 1ff940439

Time (s): cpu = 00:00:02 ; elapsed = 00:00:02 . Memory (MB): peak = 1679.789 ; gain = 0.000

Phase 2.2 Update Timing before SLR Path Opt
Phase 2.2 Update Timing before SLR Path Opt | Checksum: 1d8f2d200

Time (s): cpu = 00:00:02 ; elapsed = 00:00:02 . Memory (MB): peak = 1679.789 ; gain = 0.000

Phase 2.3 Post-Processing in Floorplanning
Phase 2.3 Post-Processing in Floorplanning | Checksum: 1d8f2d200

Time (s): cpu = 00:00:02 ; elapsed = 00:00:02 . Memory (MB): peak = 1679.789 ; gain = 0.000

Phase 2.4 Global Place Phase1
Phase 2.4 Global Place Phase1 | Checksum: 236c51e35

Time (s): cpu = 00:00:03 ; elapsed = 00:00:03 . Memory (MB): peak = 1679.789 ; gain = 0.000

Phase 2.5 Global Place Phase2

Phase 2.5.1 UpdateTiming Before Physical Synthesis
Phase 2.5.1 UpdateTiming Before Physical Synthesis | Checksum: 236c51e35

Time (s): cpu = 00:00:03 ; elapsed = 00:00:03 . Memory (MB): peak = 1679.789 ; gain = 0.000

Phase 2.5.2 Physical Synthesis In Placer
INFO: [Physopt 32-1035] Found 0 LUTNM shape to break, 4 LUT instances to create LUTNM shape
INFO: [Physopt 32-1044] Break lutnm for timing: one critical 0, two critical 0, total 0, new lutff created 0
INFO: [Physopt 32-1138] End 1 Pass. Optimized 2 nets or LUTs. Breaked 0 LUT, combined 2 existing LUTs and moved 0 existing LUT
INFO: [Physopt 32-65] No nets found for high-fanout optimization.
INFO: [Physopt 32-232] Optimized 0 net. Created 0 new instance.
INFO: [Physopt 32-775] End 1 Pass. Optimized 0 net or cell. Created 0 new cell, deleted 0 existing cell and moved 0 existing cell
INFO: [Physopt 32-670] No setup violation found.  DSP Register Optimization was not performed.
INFO: [Physopt 32-670] No setup violation found.  Shift Register to Pipeline Optimization was not performed.
INFO: [Physopt 32-670] No setup violation found.  Shift Register Optimization was not performed.
INFO: [Physopt 32-670] No setup violation found.  BRAM Register Optimization was not performed.
INFO: [Physopt 32-670] No setup violation found.  URAM Register Optimization was not performed.
INFO: [Physopt 32-949] No candidate nets found for dynamic/static region interface net replication
INFO: [Physopt 32-775] End 1 Pass. Optimized 0 net or cell. Created 0 new cell, deleted 0 existing cell and moved 0 existing cell
Netlist sorting complete. Time (s): cpu = 00:00:00 ; elapsed = 00:00:00 . Memory (MB): peak = 1679.789 ; gain = 0.000

Summary of Physical Synthesis Optimizations
============================================


-----------------------------------------------------------------------------------------------------------------------------------------------------------
|  Optimization                                     |  Added Cells  |  Removed Cells  |  Optimized Cells/Nets  |  Dont Touch  |  Iterations  |  Elapsed   |
-----------------------------------------------------------------------------------------------------------------------------------------------------------
|  LUT Combining                                    |            0  |              2  |                     2  |           0  |           1  |  00:00:00  |
|  Retime                                           |            0  |              0  |                     0  |           0  |           1  |  00:00:00  |
|  Very High Fanout                                 |            0  |              0  |                     0  |           0  |           1  |  00:00:00  |
|  DSP Register                                     |            0  |              0  |                     0  |           0  |           0  |  00:00:00  |
|  Shift Register to Pipeline                       |            0  |              0  |                     0  |           0  |           0  |  00:00:00  |
|  Shift Register                                   |            0  |              0  |                     0  |           0  |           0  |  00:00:00  |
|  BRAM Register                                    |            0  |              0  |                     0  |           0  |           0  |  00:00:00  |
|  URAM Register                                    |            0  |              0  |                     0  |           0  |           0  |  00:00:00  |
|  Dynamic/Static Region Interface Net Replication  |            0  |              0  |                     0  |           0  |           1  |  00:00:00  |
|  Total                                            |            0  |              2  |                     2  |           0  |           4  |  00:00:00  |
-----------------------------------------------------------------------------------------------------------------------------------------------------------


Phase 2.5.2 Physical Synthesis In Placer | Checksum: 1ff01eb39

Time (s): cpu = 00:00:03 ; elapsed = 00:00:03 . Memory (MB): peak = 1679.789 ; gain = 0.000
Phase 2.5 Global Place Phase2 | Checksum: 14e1b9066

Time (s): cpu = 00:00:03 ; elapsed = 00:00:03 . Memory (MB): peak = 1679.789 ; gain = 0.000
Phase 2 Global Placement | Checksum: 14e1b9066

Time (s): cpu = 00:00:03 ; elapsed = 00:00:03 . Memory (MB): peak = 1679.789 ; gain = 0.000

Phase 3 Detail Placement

Phase 3.1 Commit Multi Column Macros
Phase 3.1 Commit Multi Column Macros | Checksum: 1627c8911

Time (s): cpu = 00:00:04 ; elapsed = 00:00:03 . Memory (MB): peak = 1679.789 ; gain = 0.000

Phase 3.2 Commit Most Macros & LUTRAMs
Phase 3.2 Commit Most Macros & LUTRAMs | Checksum: 1d1274eac

Time (s): cpu = 00:00:04 ; elapsed = 00:00:04 . Memory (MB): peak = 1679.789 ; gain = 0.000

Phase 3.3 Area Swap Optimization
Phase 3.3 Area Swap Optimization | Checksum: 129aba0ee

Time (s): cpu = 00:00:04 ; elapsed = 00:00:04 . Memory (MB): peak = 1679.789 ; gain = 0.000

Phase 3.4 Pipeline Register Optimization
Phase 3.4 Pipeline Register Optimization | Checksum: 123939628

Time (s): cpu = 00:00:04 ; elapsed = 00:00:04 . Memory (MB): peak = 1679.789 ; gain = 0.000

Phase 3.5 Small Shape Detail Placement
Phase 3.5 Small Shape Detail Placement | Checksum: 10fedd304

Time (s): cpu = 00:00:04 ; elapsed = 00:00:04 . Memory (MB): peak = 1679.789 ; gain = 0.000

Phase 3.6 Re-assign LUT pins
Phase 3.6 Re-assign LUT pins | Checksum: 10fedd304

Time (s): cpu = 00:00:04 ; elapsed = 00:00:04 . Memory (MB): peak = 1679.789 ; gain = 0.000

Phase 3.7 Pipeline Register Optimization
Phase 3.7 Pipeline Register Optimization | Checksum: e595ae2e

Time (s): cpu = 00:00:04 ; elapsed = 00:00:04 . Memory (MB): peak = 1679.789 ; gain = 0.000
Phase 3 Detail Placement | Checksum: e595ae2e

Time (s): cpu = 00:00:04 ; elapsed = 00:00:04 . Memory (MB): peak = 1679.789 ; gain = 0.000

Phase 4 Post Placement Optimization and Clean-Up

Phase 4.1 Post Commit Optimization
INFO: [Timing 38-35] Done setting XDC timing constraints.

Phase 4.1.1 Post Placement Optimization
Post Placement Optimization Initialization | Checksum: 1b562ff32

Phase 4.1.1.1 BUFG Insertion

Starting Physical Synthesis Task

Phase 1 Physical Synthesis Initialization
INFO: [Physopt 32-721] Multithreading enabled for phys_opt_design using a maximum of 2 CPUs
INFO: [Physopt 32-619] Estimated Timing Summary | WNS=7.220 | TNS=0.000 |
Phase 1 Physical Synthesis Initialization | Checksum: 1dc64f870

Time (s): cpu = 00:00:00 ; elapsed = 00:00:00.024 . Memory (MB): peak = 1679.789 ; gain = 0.000
INFO: [Place 46-56] BUFG insertion identified 0 candidate nets. Inserted BUFG: 0, Replicated BUFG Driver: 0, Skipped due to Placement/Routing Conflicts: 0, Skipped due to Timing Degradation: 0, Skipped due to netlist editing failed: 0.
Ending Physical Synthesis Task | Checksum: 285cc5576

Time (s): cpu = 00:00:00 ; elapsed = 00:00:00.030 . Memory (MB): peak = 1679.789 ; gain = 0.000
Phase 4.1.1.1 BUFG Insertion | Checksum: 1b562ff32

Time (s): cpu = 00:00:04 ; elapsed = 00:00:04 . Memory (MB): peak = 1679.789 ; gain = 0.000

Phase 4.1.1.2 Post Placement Timing Optimization
INFO: [Place 30-746] Post Placement Timing Summary WNS=7.220. For the most accurate timing information please run report_timing.
Phase 4.1.1.2 Post Placement Timing Optimization | Checksum: 285f27634

Time (s): cpu = 00:00:04 ; elapsed = 00:00:04 . Memory (MB): peak = 1679.789 ; gain = 0.000

Time (s): cpu = 00:00:04 ; elapsed = 00:00:04 . Memory (MB): peak = 1679.789 ; gain = 0.000
Phase 4.1 Post Commit Optimization | Checksum: 285f27634

Time (s): cpu = 00:00:04 ; elapsed = 00:00:04 . Memory (MB): peak = 1679.789 ; gain = 0.000

Phase 4.2 Post Placement Cleanup
Phase 4.2 Post Placement Cleanup | Checksum: 285f27634

Time (s): cpu = 00:00:04 ; elapsed = 00:00:04 . Memory (MB): peak = 1679.789 ; gain = 0.000

Phase 4.3 Placer Reporting

Phase 4.3.1 Print Estimated Congestion
INFO: [Place 30-612] Post-Placement Estimated Congestion 
 ____________________________________________________
|           | Global Congestion | Short Congestion  |
| Direction | Region Size       | Region Size       |
|___________|___________________|___________________|
|      North|                1x1|                1x1|
|___________|___________________|___________________|
|      South|                1x1|                1x1|
|___________|___________________|___________________|
|       East|                1x1|                1x1|
|___________|___________________|___________________|
|       West|                1x1|                1x1|
|___________|___________________|___________________|

Phase 4.3.1 Print Estimated Congestion | Checksum: 285f27634

Time (s): cpu = 00:00:04 ; elapsed = 00:00:04 . Memory (MB): peak = 1679.789 ; gain = 0.000
Phase 4.3 Placer Reporting | Checksum: 285f27634

Time (s): cpu = 00:00:04 ; elapsed = 00:00:04 . Memory (MB): peak = 1679.789 ; gain = 0.000

Phase 4.4 Final Placement Cleanup
Netlist sorting complete. Time (s): cpu = 00:00:00 ; elapsed = 00:00:00 . Memory (MB): peak = 1679.789 ; gain = 0.000

Time (s): cpu = 00:00:04 ; elapsed = 00:00:04 . Memory (MB): peak = 1679.789 ; gain = 0.000
Phase 4 Post Placement Optimization and Clean-Up | Checksum: 23b0f1520

Time (s): cpu = 00:00:04 ; elapsed = 00:00:04 . Memory (MB): peak = 1679.789 ; gain = 0.000
Ending Placer Task | Checksum: 14e420baa

Time (s): cpu = 00:00:04 ; elapsed = 00:00:04 . Memory (MB): peak = 1679.789 ; gain = 0.000
62 Infos, 53 Warnings, 54 Critical Warnings and 0 Errors encountered.
place_design completed successfully
place_design: Time (s): cpu = 00:00:09 ; elapsed = 00:00:08 . Memory (MB): peak = 1679.789 ; gain = 0.000
INFO: [Vivado 12-24838] Running report commands "report_control_sets, report_io, report_utilization" in parallel.
Running report generation with 2 threads.
INFO: [Vivado 12-24828] Executing command : report_utilization -file fusion_top_utilization_placed.rpt -pb fusion_top_utilization_placed.pb
INFO: [Vivado 12-24828] Executing command : report_control_sets -verbose -file fusion_top_control_sets_placed.rpt
report_control_sets: Time (s): cpu = 00:00:00 ; elapsed = 00:00:00.005 . Memory (MB): peak = 1679.789 ; gain = 0.000
INFO: [Vivado 12-24828] Executing command : report_io -file fusion_top_io_placed.rpt
report_io: Time (s): cpu = 00:00:01 ; elapsed = 00:00:00.327 . Memory (MB): peak = 1679.789 ; gain = 0.000
Write ShapeDB Complete: Time (s): cpu = 00:00:00 ; elapsed = 00:00:00.005 . Memory (MB): peak = 1681.535 ; gain = 0.043
INFO: [Timing 38-480] Writing timing data to binary archive.
Wrote PlaceDB: Time (s): cpu = 00:00:00 ; elapsed = 00:00:00.032 . Memory (MB): peak = 1681.535 ; gain = 0.000
Wrote PulsedLatchDB: Time (s): cpu = 00:00:00 ; elapsed = 00:00:00 . Memory (MB): peak = 1681.535 ; gain = 0.000
Writing XDEF routing.
Writing XDEF routing logical nets.
Writing XDEF routing special nets.
Wrote RouteStorage: Time (s): cpu = 00:00:00 ; elapsed = 00:00:00.038 . Memory (MB): peak = 1681.535 ; gain = 0.000
Wrote Netlist Cache: Time (s): cpu = 00:00:00 ; elapsed = 00:00:00.001 . Memory (MB): peak = 1681.535 ; gain = 0.000
Wrote Device Cache: Time (s): cpu = 00:00:00 ; elapsed = 00:00:00.017 . Memory (MB): peak = 1681.535 ; gain = 0.000
Write Physdb Complete: Time (s): cpu = 00:00:00 ; elapsed = 00:00:00.108 . Memory (MB): peak = 1681.535 ; gain = 0.000
INFO: [Common 17-1381] The checkpoint 'C:/Users/thris/EdgeAccelerator/TestingLayout/fusion_top.runs/impl_1/fusion_top_placed.dcp' has been generated.
Command: phys_opt_design
Attempting to get a license for feature 'Implementation' and/or device 'xc7k70t'
INFO: [Common 17-349] Got license for feature 'Implementation' and/or device 'xc7k70t'

Starting Initial Update Timing Task

Time (s): cpu = 00:00:00 ; elapsed = 00:00:00.080 . Memory (MB): peak = 1695.977 ; gain = 14.441
INFO: [Vivado_Tcl 4-2279] Estimated Timing Summary | WNS= 7.220 | TNS= 0.000 | 
INFO: [Vivado_Tcl 4-383] Design worst setup slack (WNS) is greater than or equal to 0.000 ns. All physical synthesis setup optimizations will be skipped.
INFO: [Vivado_Tcl 4-232] No setup violation found. The netlist was not modified.
INFO: [Common 17-83] Releasing license: Implementation
73 Infos, 53 Warnings, 54 Critical Warnings and 0 Errors encountered.
phys_opt_design completed successfully
Write ShapeDB Complete: Time (s): cpu = 00:00:00 ; elapsed = 00:00:00.007 . Memory (MB): peak = 1713.887 ; gain = 0.039
INFO: [Timing 38-480] Writing timing data to binary archive.
Wrote PlaceDB: Time (s): cpu = 00:00:00 ; elapsed = 00:00:00.044 . Memory (MB): peak = 1713.887 ; gain = 0.000
Wrote PulsedLatchDB: Time (s): cpu = 00:00:00 ; elapsed = 00:00:00 . Memory (MB): peak = 1713.887 ; gain = 0.000
Writing XDEF routing.
Writing XDEF routing logical nets.
Writing XDEF routing special nets.
Wrote RouteStorage: Time (s): cpu = 00:00:00 ; elapsed = 00:00:00.043 . Memory (MB): peak = 1713.887 ; gain = 0.000
Wrote Netlist Cache: Time (s): cpu = 00:00:00 ; elapsed = 00:00:00.001 . Memory (MB): peak = 1713.887 ; gain = 0.000
Wrote Device Cache: Time (s): cpu = 00:00:00 ; elapsed = 00:00:00.028 . Memory (MB): peak = 1713.887 ; gain = 0.000
Write Physdb Complete: Time (s): cpu = 00:00:00 ; elapsed = 00:00:00.147 . Memory (MB): peak = 1713.887 ; gain = 0.000
INFO: [Common 17-1381] The checkpoint 'C:/Users/thris/EdgeAccelerator/TestingLayout/fusion_top.runs/impl_1/fusion_top_physopt.dcp' has been generated.
Command: route_design
Attempting to get a license for feature 'Implementation' and/or device 'xc7k70t'
INFO: [Common 17-349] Got license for feature 'Implementation' and/or device 'xc7k70t'


Starting Routing Task
INFO: [Route 35-254] Multithreading enabled for route_design using a maximum of 2 CPUs

Phase 1 Build RT Design
Checksum: PlaceDB: 6ab70205 ConstDB: 0 ShapeSum: 889d1c30 RouteDB: 5aeded75
Post Restoration Checksum: NetGraph: 4e8a32f4 | NumContArr: 15e4043a | Constraints: c2a8fa9d | Timing: c2a8fa9d
Phase 1 Build RT Design | Checksum: 1e9c02c68

Time (s): cpu = 00:00:33 ; elapsed = 00:00:33 . Memory (MB): peak = 1810.723 ; gain = 96.809

Phase 2 Router Initialization

Phase 2.1 Fix Topology Constraints
Phase 2.1 Fix Topology Constraints | Checksum: 1e9c02c68

Time (s): cpu = 00:00:33 ; elapsed = 00:00:33 . Memory (MB): peak = 1810.723 ; gain = 96.809

Phase 2.2 Pre Route Cleanup
Phase 2.2 Pre Route Cleanup | Checksum: 1e9c02c68

Time (s): cpu = 00:00:33 ; elapsed = 00:00:33 . Memory (MB): peak = 1810.723 ; gain = 96.809
 Number of Nodes with overlaps = 0

Phase 2.3 Update Timing
Phase 2.3 Update Timing | Checksum: 2300213e9

Time (s): cpu = 00:00:34 ; elapsed = 00:00:34 . Memory (MB): peak = 1846.383 ; gain = 132.469
INFO: [Route 35-416] Intermediate Timing Summary | WNS=7.166  | TNS=0.000  | WHS=-0.014 | THS=-0.014 |


Router Utilization Summary
  Global Vertical Routing Utilization    = 0 %
  Global Horizontal Routing Utilization  = 0 %
  Routable Net Status*
  *Does not include unroutable nets such as driverless and loadless.
  Run report_route_status for detailed report.
  Number of Failed Nets               = 55
    (Failed Nets is the sum of unrouted and partially routed nets)
  Number of Unrouted Nets             = 55
  Number of Partially Routed Nets     = 0
  Number of Node Overlaps             = 0

Phase 2 Router Initialization | Checksum: 22b6a0b13

Time (s): cpu = 00:00:35 ; elapsed = 00:00:35 . Memory (MB): peak = 1846.383 ; gain = 132.469

Phase 3 Global Routing
Phase 3 Global Routing | Checksum: 22b6a0b13

Time (s): cpu = 00:00:35 ; elapsed = 00:00:35 . Memory (MB): peak = 1846.383 ; gain = 132.469

Phase 4 Initial Routing

Phase 4.1 Initial Net Routing Pass
Phase 4.1 Initial Net Routing Pass | Checksum: 29f1b5e26

Time (s): cpu = 00:00:35 ; elapsed = 00:00:35 . Memory (MB): peak = 1846.383 ; gain = 132.469
Phase 4 Initial Routing | Checksum: 29f1b5e26

Time (s): cpu = 00:00:35 ; elapsed = 00:00:35 . Memory (MB): peak = 1846.383 ; gain = 132.469

Phase 5 Rip-up And Reroute

Phase 5.1 Global Iteration 0
 Number of Nodes with overlaps = 2
 Number of Nodes with overlaps = 0
INFO: [Route 35-416] Intermediate Timing Summary | WNS=7.225  | TNS=0.000  | WHS=N/A    | THS=N/A    |

Phase 5.1 Global Iteration 0 | Checksum: 1dfd1868f

Time (s): cpu = 00:00:35 ; elapsed = 00:00:35 . Memory (MB): peak = 1846.383 ; gain = 132.469
Phase 5 Rip-up And Reroute | Checksum: 1dfd1868f

Time (s): cpu = 00:00:35 ; elapsed = 00:00:35 . Memory (MB): peak = 1846.383 ; gain = 132.469

Phase 6 Delay and Skew Optimization

Phase 6.1 Delay CleanUp
Phase 6.1 Delay CleanUp | Checksum: 1dfd1868f

Time (s): cpu = 00:00:35 ; elapsed = 00:00:35 . Memory (MB): peak = 1846.383 ; gain = 132.469

Phase 6.2 Clock Skew Optimization
Phase 6.2 Clock Skew Optimization | Checksum: 1dfd1868f

Time (s): cpu = 00:00:35 ; elapsed = 00:00:35 . Memory (MB): peak = 1846.383 ; gain = 132.469
Phase 6 Delay and Skew Optimization | Checksum: 1dfd1868f

Time (s): cpu = 00:00:35 ; elapsed = 00:00:35 . Memory (MB): peak = 1846.383 ; gain = 132.469

Phase 7 Post Hold Fix

Phase 7.1 Hold Fix Iter
INFO: [Route 35-416] Intermediate Timing Summary | WNS=7.321  | TNS=0.000  | WHS=0.134  | THS=0.000  |

Phase 7.1 Hold Fix Iter | Checksum: 292b5800a

Time (s): cpu = 00:00:35 ; elapsed = 00:00:35 . Memory (MB): peak = 1846.383 ; gain = 132.469
Phase 7 Post Hold Fix | Checksum: 292b5800a

Time (s): cpu = 00:00:35 ; elapsed = 00:00:35 . Memory (MB): peak = 1846.383 ; gain = 132.469

Phase 8 Route finalize

Router Utilization Summary
  Global Vertical Routing Utilization    = 0.0702822 %
  Global Horizontal Routing Utilization  = 0.0136346 %
  Routable Net Status*
  *Does not include unroutable nets such as driverless and loadless.
  Run report_route_status for detailed report.
  Number of Failed Nets               = 0
    (Failed Nets is the sum of unrouted and partially routed nets)
  Number of Unrouted Nets             = 0
  Number of Partially Routed Nets     = 0
  Number of Node Overlaps             = 0

Phase 8 Route finalize | Checksum: 292b5800a

Time (s): cpu = 00:00:35 ; elapsed = 00:00:35 . Memory (MB): peak = 1846.383 ; gain = 132.469

Phase 9 Verifying routed nets

 Verification completed successfully
Phase 9 Verifying routed nets | Checksum: 292b5800a

Time (s): cpu = 00:00:35 ; elapsed = 00:00:35 . Memory (MB): peak = 1846.383 ; gain = 132.469

Phase 10 Depositing Routes
Phase 10 Depositing Routes | Checksum: 2ac7f31dd

Time (s): cpu = 00:00:35 ; elapsed = 00:00:35 . Memory (MB): peak = 1846.383 ; gain = 132.469

Phase 11 Post Process Routing
Phase 11 Post Process Routing | Checksum: 2ac7f31dd

Time (s): cpu = 00:00:35 ; elapsed = 00:00:35 . Memory (MB): peak = 1846.383 ; gain = 132.469

Phase 12 Post Router Timing
INFO: [Route 35-57] Estimated Timing Summary | WNS=7.321  | TNS=0.000  | WHS=0.134  | THS=0.000  |

INFO: [Route 35-327] The final timing numbers are based on the router estimated timing analysis. For a complete and accurate timing signoff, please run report_timing_summary.
Phase 12 Post Router Timing | Checksum: 2ac7f31dd

Time (s): cpu = 00:00:35 ; elapsed = 00:00:35 . Memory (MB): peak = 1846.383 ; gain = 132.469
Total Elapsed time in route_design: 35.206 secs

Phase 13 Post-Route Event Processing
Phase 13 Post-Route Event Processing | Checksum: 18a149638

Time (s): cpu = 00:00:35 ; elapsed = 00:00:35 . Memory (MB): peak = 1846.383 ; gain = 132.469
INFO: [Route 35-16] Router Completed Successfully
Ending Routing Task | Checksum: 18a149638

Time (s): cpu = 00:00:35 ; elapsed = 00:00:35 . Memory (MB): peak = 1846.383 ; gain = 132.469

Routing Is Done.
INFO: [Common 17-83] Releasing license: Implementation
84 Infos, 53 Warnings, 54 Critical Warnings and 0 Errors encountered.
route_design completed successfully
route_design: Time (s): cpu = 00:00:35 ; elapsed = 00:00:35 . Memory (MB): peak = 1846.383 ; gain = 132.496
INFO: [Vivado 12-24828] Executing command : report_drc -file fusion_top_drc_routed.rpt -pb fusion_top_drc_routed.pb -rpx fusion_top_drc_routed.rpx
Command: report_drc -file fusion_top_drc_routed.rpt -pb fusion_top_drc_routed.pb -rpx fusion_top_drc_routed.rpx
INFO: [IP_Flow 19-1839] IP Catalog is up to date.
INFO: [DRC 23-27] Running DRC with 2 threads
INFO: [Vivado_Tcl 2-168] The results of DRC are in file C:/Users/thris/EdgeAccelerator/TestingLayout/fusion_top.runs/impl_1/fusion_top_drc_routed.rpt.
report_drc completed successfully
report_drc: Time (s): cpu = 00:00:16 ; elapsed = 00:00:10 . Memory (MB): peak = 1876.629 ; gain = 30.246
INFO: [Vivado 12-24828] Executing command : report_methodology -file fusion_top_methodology_drc_routed.rpt -pb fusion_top_methodology_drc_routed.pb -rpx fusion_top_methodology_drc_routed.rpx
Command: report_methodology -file fusion_top_methodology_drc_routed.rpt -pb fusion_top_methodology_drc_routed.pb -rpx fusion_top_methodology_drc_routed.rpx
INFO: [Timing 38-35] Done setting XDC timing constraints.
INFO: [DRC 23-133] Running Methodology with 2 threads
INFO: [Vivado_Tcl 2-1520] The results of Report Methodology are in file C:/Users/thris/EdgeAccelerator/TestingLayout/fusion_top.runs/impl_1/fusion_top_methodology_drc_routed.rpt.
report_methodology completed successfully
report_drc: Time (s): cpu = 00:00:14 ; elapsed = 00:00:08 . Memory (MB): peak = 1897.605 ; gain = 20.977
INFO: [Vivado 12-24828] Executing command : report_timing_summary -max_paths 10 -report_unconstrained -file fusion_top_timing_summary_routed.rpt -pb fusion_top_timing_summary_routed.pb -rpx fusion_top_timing_summary_routed.rpx -warn_on_violation 
INFO: [Timing 38-35] Done setting XDC timing constraints.
INFO: [Timing 38-91] UpdateTimingParams: Speed grade: -1, Delay Type: min_max.
INFO: [Timing 38-191] Multithreading enabled for timing update using a maximum of 2 CPUs
INFO: [Vivado 12-24838] Running report commands "report_incremental_reuse, report_route_status" in parallel.
Running report generation with 2 threads.
INFO: [Vivado 12-24828] Executing command : report_route_status -file fusion_top_route_status.rpt -pb fusion_top_route_status.pb
INFO: [Vivado 12-24828] Executing command : report_incremental_reuse -file fusion_top_incremental_reuse_routed.rpt
INFO: [Vivado_Tcl 4-1062] Incremental flow is disabled. No incremental reuse Info to report.
INFO: [Vivado 12-24828] Executing command : report_power -file fusion_top_power_routed.rpt -pb fusion_top_power_summary_routed.pb -rpx fusion_top_power_routed.rpx
Command: report_power -file fusion_top_power_routed.rpt -pb fusion_top_power_summary_routed.pb -rpx fusion_top_power_routed.rpx
Running Vector-less Activity Propagation...

Finished Running Vector-less Activity Propagation
101 Infos, 53 Warnings, 54 Critical Warnings and 0 Errors encountered.
report_power completed successfully
INFO: [Vivado 12-24828] Executing command : report_clock_utilization -file fusion_top_clock_utilization_routed.rpt
INFO: [Vivado 12-24828] Executing command : report_bus_skew -warn_on_violation -file fusion_top_bus_skew_routed.rpt -pb fusion_top_bus_skew_routed.pb -rpx fusion_top_bus_skew_routed.rpx
INFO: [Timing 38-91] UpdateTimingParams: Speed grade: -1, Delay Type: min_max.
INFO: [Timing 38-191] Multithreading enabled for timing update using a maximum of 2 CPUs
generate_parallel_reports: Time (s): cpu = 00:00:32 ; elapsed = 00:00:20 . Memory (MB): peak = 1904.484 ; gain = 58.102
INFO: [Timing 38-480] Writing timing data to binary archive.
Write ShapeDB Complete: Time (s): cpu = 00:00:00 ; elapsed = 00:00:00.008 . Memory (MB): peak = 1904.484 ; gain = 0.000
Wrote PlaceDB: Time (s): cpu = 00:00:00 ; elapsed = 00:00:00.029 . Memory (MB): peak = 1904.484 ; gain = 0.000
Wrote PulsedLatchDB: Time (s): cpu = 00:00:00 ; elapsed = 00:00:00 . Memory (MB): peak = 1904.484 ; gain = 0.000
Writing XDEF routing.
Writing XDEF routing logical nets.
Writing XDEF routing special nets.
Wrote RouteStorage: Time (s): cpu = 00:00:00 ; elapsed = 00:00:00.061 . Memory (MB): peak = 1904.484 ; gain = 0.000
Wrote Netlist Cache: Time (s): cpu = 00:00:00 ; elapsed = 00:00:00.001 . Memory (MB): peak = 1904.484 ; gain = 0.000
Wrote Device Cache: Time (s): cpu = 00:00:00 ; elapsed = 00:00:00.021 . Memory (MB): peak = 1904.484 ; gain = 0.000
Write Physdb Complete: Time (s): cpu = 00:00:00 ; elapsed = 00:00:00.137 . Memory (MB): peak = 1904.484 ; gain = 0.000
INFO: [Common 17-1381] The checkpoint 'C:/Users/thris/EdgeAccelerator/TestingLayout/fusion_top.runs/impl_1/fusion_top_routed.dcp' has been generated.
INFO: [Common 17-206] Exiting Vivado at Sat Aug 16 22:02:35 2025...
